{"C:\\Users\\KIIT\\my-api-server\\server.js": {"path":"C:\\Users\\KIIT\\my-api-server\\server.js","statementMap":{"0":{"start":{"line":1,"column":16},"end":{"line":1,"column":34}},"1":{"start":{"line":2,"column":19},"end":{"line":2,"column":41}},"2":{"start":{"line":3,"column":13},"end":{"line":3,"column":28}},"3":{"start":{"line":4,"column":17},"end":{"line":4,"column":30}},"4":{"start":{"line":6,"column":12},"end":{"line":6,"column":21}},"5":{"start":{"line":7,"column":0},"end":{"line":7,"column":16}},"6":{"start":{"line":8,"column":0},"end":{"line":8,"column":27}},"7":{"start":{"line":10,"column":13},"end":{"line":16,"column":2}},"8":{"start":{"line":19,"column":0},"end":{"line":34,"column":3}},"9":{"start":{"line":20,"column":51},"end":{"line":20,"column":59}},"10":{"start":{"line":21,"column":2},"end":{"line":23,"column":3}},"11":{"start":{"line":22,"column":4},"end":{"line":22,"column":77}},"12":{"start":{"line":24,"column":15},"end":{"line":24,"column":63}},"13":{"start":{"line":25,"column":2},"end":{"line":33,"column":3}},"14":{"start":{"line":26,"column":19},"end":{"line":29,"column":5}},"15":{"start":{"line":30,"column":4},"end":{"line":30,"column":29}},"16":{"start":{"line":32,"column":4},"end":{"line":32,"column":49}},"17":{"start":{"line":36,"column":0},"end":{"line":48,"column":3}},"18":{"start":{"line":37,"column":17},"end":{"line":37,"column":27}},"19":{"start":{"line":38,"column":2},"end":{"line":47,"column":3}},"20":{"start":{"line":39,"column":19},"end":{"line":39,"column":78}},"21":{"start":{"line":40,"column":4},"end":{"line":44,"column":5}},"22":{"start":{"line":41,"column":6},"end":{"line":41,"column":56}},"23":{"start":{"line":43,"column":6},"end":{"line":43,"column":31}},"24":{"start":{"line":46,"column":4},"end":{"line":46,"column":49}},"25":{"start":{"line":50,"column":0},"end":{"line":62,"column":3}},"26":{"start":{"line":51,"column":17},"end":{"line":51,"column":27}},"27":{"start":{"line":52,"column":2},"end":{"line":61,"column":3}},"28":{"start":{"line":53,"column":19},"end":{"line":53,"column":88}},"29":{"start":{"line":54,"column":4},"end":{"line":58,"column":5}},"30":{"start":{"line":55,"column":6},"end":{"line":55,"column":56}},"31":{"start":{"line":57,"column":6},"end":{"line":57,"column":44}},"32":{"start":{"line":60,"column":4},"end":{"line":60,"column":49}},"33":{"start":{"line":65,"column":0},"end":{"line":67,"column":1}},"34":{"start":{"line":66,"column":2},"end":{"line":66,"column":72}},"35":{"start":{"line":66,"column":25},"end":{"line":66,"column":70}},"36":{"start":{"line":70,"column":0},"end":{"line":70,"column":31}}},"fnMap":{"0":{"name":"(anonymous_0)","decl":{"start":{"line":19,"column":19},"end":{"line":19,"column":20}},"loc":{"start":{"line":19,"column":39},"end":{"line":34,"column":1}},"line":19},"1":{"name":"(anonymous_1)","decl":{"start":{"line":36,"column":22},"end":{"line":36,"column":23}},"loc":{"start":{"line":36,"column":42},"end":{"line":48,"column":1}},"line":36},"2":{"name":"(anonymous_2)","decl":{"start":{"line":50,"column":25},"end":{"line":50,"column":26}},"loc":{"start":{"line":50,"column":45},"end":{"line":62,"column":1}},"line":50},"3":{"name":"(anonymous_3)","decl":{"start":{"line":66,"column":19},"end":{"line":66,"column":20}},"loc":{"start":{"line":66,"column":25},"end":{"line":66,"column":70}},"line":66}},"branchMap":{"0":{"loc":{"start":{"line":21,"column":2},"end":{"line":23,"column":3}},"type":"if","locations":[{"start":{"line":21,"column":2},"end":{"line":23,"column":3}},{"start":{},"end":{}}],"line":21},"1":{"loc":{"start":{"line":21,"column":6},"end":{"line":21,"column":23}},"type":"binary-expr","locations":[{"start":{"line":21,"column":6},"end":{"line":21,"column":12}},{"start":{"line":21,"column":16},"end":{"line":21,"column":23}}],"line":21},"2":{"loc":{"start":{"line":24,"column":15},"end":{"line":24,"column":63}},"type":"cond-expr","locations":[{"start":{"line":24,"column":32},"end":{"line":24,"column":56}},{"start":{"line":24,"column":59},"end":{"line":24,"column":63}}],"line":24},"3":{"loc":{"start":{"line":40,"column":4},"end":{"line":44,"column":5}},"type":"if","locations":[{"start":{"line":40,"column":4},"end":{"line":44,"column":5}},{"start":{"line":42,"column":11},"end":{"line":44,"column":5}}],"line":40},"4":{"loc":{"start":{"line":54,"column":4},"end":{"line":58,"column":5}},"type":"if","locations":[{"start":{"line":54,"column":4},"end":{"line":58,"column":5}},{"start":{"line":56,"column":11},"end":{"line":58,"column":5}}],"line":54},"5":{"loc":{"start":{"line":65,"column":0},"end":{"line":67,"column":1}},"type":"if","locations":[{"start":{"line":65,"column":0},"end":{"line":67,"column":1}},{"start":{},"end":{}}],"line":65}},"s":{"0":2,"1":2,"2":2,"3":2,"4":2,"5":2,"6":2,"7":2,"8":2,"9":2,"10":2,"11":0,"12":2,"13":2,"14":2,"15":2,"16":0,"17":2,"18":1,"19":1,"20":1,"21":1,"22":0,"23":1,"24":0,"25":2,"26":2,"27":2,"28":2,"29":2,"30":0,"31":2,"32":0,"33":2,"34":0,"35":0,"36":2},"f":{"0":2,"1":1,"2":2,"3":0},"b":{"0":[0,2],"1":[2,2],"2":[2,0],"3":[0,1],"4":[0,2],"5":[0,2]},"_coverageSchema":"1a1c01bbd47fc00a2c39e90264f33305004495a9","hash":"e0c36a1ac744f06ffe0eafac4c616269d34afb03"}
}
