TN:
SF:server.js
FN:19,(anonymous_0)
FN:36,(anonymous_1)
FN:50,(anonymous_2)
FN:66,(anonymous_3)
FNF:4
FNH:3
FNDA:2,(anonymous_0)
FNDA:1,(anonymous_1)
FNDA:2,(anonymous_2)
FNDA:0,(anonymous_3)
DA:1,2
DA:2,2
DA:3,2
DA:4,2
DA:6,2
DA:7,2
DA:8,2
DA:10,2
DA:19,2
DA:20,2
DA:21,2
DA:22,0
DA:24,2
DA:25,2
DA:26,2
DA:30,2
DA:32,0
DA:36,2
DA:37,1
DA:38,1
DA:39,1
DA:40,1
DA:41,0
DA:43,1
DA:46,0
DA:50,2
DA:51,2
DA:52,2
DA:53,2
DA:54,2
DA:55,0
DA:57,2
DA:60,0
DA:65,2
DA:66,0
DA:70,2
LF:36
LH:29
BRDA:21,0,0,0
BRDA:21,0,1,2
BRDA:21,1,0,2
BRDA:21,1,1,2
BRDA:24,2,0,2
BRDA:24,2,1,0
BRDA:40,3,0,0
BRDA:40,3,1,1
BRDA:54,4,0,0
BRDA:54,4,1,2
BRDA:65,5,0,0
BRDA:65,5,1,2
BRF:12
BRH:7
end_of_record
